This is pdfTeX, Version 3.14159265-2.6-1.40.21 (TeX Live 2020/W32TeX) (preloaded format=pdflatex 2021.2.21)  22 FEB 2021 01:17
entering extended mode
 restricted \write18 enabled.
 %&-line parsing enabled.
**statistics-1.tex
(./statistics-1.tex
LaTeX2e <2020-10-01> patch level 4
L3 programming layer <2021-02-18>
! Undefined control sequence.
l.9 \includegraphics
                    {\ASYprefix\jobname-1_0}%
? 
! Undefined control sequence.
l.9 \includegraphics{\ASYprefix
                               \jobname-1_0}%
? 

! LaTeX Error: Missing \begin{document}.

See the LaTeX manual or LaTeX Companion for explanation.
Type  H <return>  for immediate help.
 ...                                              
                                                  
l.9 \includegraphics{\ASYprefix\jobname
                                       -1_0}%
? 
Missing character: There is no s in font nullfont!
Missing character: There is no t in font nullfont!
Missing character: There is no a in font nullfont!
Missing character: There is no t in font nullfont!
Missing character: There is no i in font nullfont!
Missing character: There is no s in font nullfont!
Missing character: There is no t in font nullfont!
Missing character: There is no i in font nullfont!
Missing character: There is no c in font nullfont!
Missing character: There is no s in font nullfont!
Missing character: There is no - in font nullfont!
Missing character: There is no 1 in font nullfont!
Missing character: There is no - in font nullfont!
Missing character: There is no 1 in font nullfont!
! Missing $ inserted.
<inserted text> 
                $
l.9 \includegraphics{\ASYprefix\jobname-1_
                                          0}%
? 
LaTeX Font Info:    External font `cmex10' loaded for size
(Font)              <7> on input line 9.
LaTeX Font Info:    External font `cmex10' loaded for size
(Font)              <5> on input line 9.
! Extra }, or forgotten $.
l.9 \includegraphics{\ASYprefix\jobname-1_0}
                                            %
? 
! Extra }, or forgotten $.
l.10 }
      %
? 
! Undefined control sequence.
l.11 \definecolor
                 {ASYcolor}{gray}{0.000000}\color{ASYcolor}%
? 
! Undefined control sequence.
l.11 \definecolor{ASYcolor}{gray}{0.000000}\color
                                                 {ASYcolor}%
? 
! Undefined control sequence.
l.14 \ASYalign
              (-8.178155,4.084460)(0.000000,-0.500000){$x$}%
? X
 
Here is how much of TeX's memory you used:
 25 strings out of 479023
 497 string characters out of 5863344
 283610 words of memory out of 5000000
 17597 multiletter control sequences out of 15000+600000
 403728 words of font info for 28 fonts, out of 8000000 for 9000
 1141 hyphenation exceptions out of 8191
 18i,2n,15p,92b,65s stack positions out of 5000i,500n,10000p,200000b,80000s
No pages of output.
PDF statistics:
 0 PDF objects out of 1000 (max. 8388607)
 0 named destinations out of 1000 (max. 500000)
 1 words of extra memory for PDF output out of 10000 (max. 10000000)

